<?xml version="1.0" encoding="UTF-8"?>
<testsuite xmlns:xsi="http://www.w3.org/2001/XMLSchema-instance" xsi:noNamespaceSchemaLocation="https://maven.apache.org/surefire/maven-surefire-plugin/xsd/surefire-test-report.xsd" version="3.0.2" name="com.example.API_Panaderia.SC.ApiPanaderiaScApplicationTests" time="10.562" tests="1" errors="0" skipped="0" failures="0">
  <properties>
[...]
</properties>
  <testcase name="contextLoads" classname="com.example.API_Panaderia.SC.ApiPanaderiaScApplicationTests" time="2.06">
    <system-out><![CDATA[21:06:17.498 [main] INFO org.springframework.test.context.support.AnnotationConfigContextLoaderUtils -- Could not detect default configuration classes for test class [com.example.API_Panaderia.SC.ApiPanaderiaScApplicationTests]: ApiPanaderiaScApplicationTests does not declare any static, non-private, non-final, nested classes annotated with @Configuration.
21:06:17.841 [main] INFO org.springframework.boot.test.context.SpringBootTestContextBootstrapper -- Found @SpringBootConfiguration com.example.API_Panaderia.SC.ApiPanaderiaScApplication for test class com.example.API_Panaderia.SC.ApiPanaderiaScApplicationTests
21:06:18.318 [main] INFO org.springframework.boot.devtools.restart.RestartApplicationListener -- Restart disabled due to context in which it is running

  .   ____          _            __ _ _
 /\\ / ___'_ __ _ _(_)_ __  __ _ \ \ \ \
( ( )\___ | '_ | '_| | '_ \/ _` | \ \ \ \
 \\/  ___)| |_)| | | | | || (_| |  ) ) ) )
  '  |____| .__|_| |_|_| |_\__, | / / / /
 =========|_|==============|___/=/_/_/_/

 :: Spring Boot ::                (v3.4.5)

2025-05-14T21:06:19.137-05:00  INFO 10356 --- [           main] c.e.A.SC.ApiPanaderiaScApplicationTests  : Starting ApiPanaderiaScApplicationTests using Java 21.0.7 with PID 10356 (started by ELOSO in C:\Users\ELOSO\Documents\CASA\HILAN\U.S.C\6to semestre\PROGRAMACION WEB\copia - Panaderia SC\PanaderiaSC\API-Panaderia-SC)
2025-05-14T21:06:19.140-05:00  INFO 10356 --- [           main] c.e.A.SC.ApiPanaderiaScApplicationTests  : No active profile set, falling back to 1 default profile: "default"
2025-05-14T21:06:21.032-05:00  INFO 10356 --- [           main] .s.d.r.c.RepositoryConfigurationDelegate : Bootstrapping Spring Data MongoDB repositories in DEFAULT mode.
2025-05-14T21:06:21.197-05:00  INFO 10356 --- [           main] .s.d.r.c.RepositoryConfigurationDelegate : Finished Spring Data repository scanning in 142 ms. Found 3 MongoDB repository interfaces.
2025-05-14T21:06:22.431-05:00  INFO 10356 --- [xsu.mongodb.net] org.mongodb.driver.cluster               : Adding discovered server ac-fdaoi8x-shard-00-00.xddcxsu.mongodb.net:27017 to client view of cluster
2025-05-14T21:06:22.434-05:00  INFO 10356 --- [           main] org.mongodb.driver.client                : MongoClient with metadata {"application": {"name": "Cluster0"}, "driver": {"name": "mongo-java-driver|sync|spring-boot", "version": "5.2.1"}, "os": {"type": "Windows", "name": "Windows 10", "architecture": "amd64", "version": "10.0"}, "platform": "Java/Eclipse Adoptium/21.0.7+6-LTS"} created with settings MongoClientSettings{readPreference=primary, writeConcern=WriteConcern{w=majority, wTimeout=null ms, journal=null}, retryWrites=true, retryReads=true, readConcern=ReadConcern{level=null}, credential=MongoCredential{mechanism=null, userName='<Panaderia>', source='admin', password=<hidden>, mechanismProperties=<hidden>}, transportSettings=null, commandListeners=[], codecRegistry=ProvidersCodecRegistry{codecProviders=[ValueCodecProvider{}, BsonValueCodecProvider{}, DBRefCodecProvider{}, DBObjectCodecProvider{}, DocumentCodecProvider{}, CollectionCodecProvider{}, IterableCodecProvider{}, MapCodecProvider{}, GeoJsonCodecProvider{}, GridFSFileCodecProvider{}, Jsr310CodecProvider{}, JsonObjectCodecProvider{}, BsonCodecProvider{}, EnumCodecProvider{}, com.mongodb.client.model.mql.ExpressionCodecProvider@173f1614, com.mongodb.Jep395RecordCodecProvider@6c184d4d, com.mongodb.KotlinCodecProvider@7645f03e]}, loggerSettings=LoggerSettings{maxDocumentLength=1000}, clusterSettings={hosts=[127.0.0.1:27017], srvHost=cluster0.xddcxsu.mongodb.net, srvServiceName=mongodb, mode=MULTIPLE, requiredClusterType=REPLICA_SET, requiredReplicaSetName='atlas-e2k0hx-shard-0', serverSelector='null', clusterListeners='[]', serverSelectionTimeout='30000 ms', localThreshold='15 ms'}, socketSettings=SocketSettings{connectTimeoutMS=10000, readTimeoutMS=0, receiveBufferSize=0, proxySettings=ProxySettings{host=null, port=null, username=null, password=null}}, heartbeatSocketSettings=SocketSettings{connectTimeoutMS=10000, readTimeoutMS=10000, receiveBufferSize=0, proxySettings=ProxySettings{host=null, port=null, username=null, password=null}}, connectionPoolSettings=ConnectionPoolSettings{maxSize=100, minSize=0, maxWaitTimeMS=120000, maxConnectionLifeTimeMS=0, maxConnectionIdleTimeMS=0, maintenanceInitialDelayMS=0, maintenanceFrequencyMS=60000, connectionPoolListeners=[], maxConnecting=2}, serverSettings=ServerSettings{heartbeatFrequencyMS=10000, minHeartbeatFrequencyMS=500, serverMonitoringMode=AUTO, serverListeners='[]', serverMonitorListeners='[]'}, sslSettings=SslSettings{enabled=true, invalidHostNameAllowed=false, context=null}, applicationName='Cluster0', compressorList=[], uuidRepresentation=JAVA_LEGACY, serverApi=null, autoEncryptionSettings=null, dnsClient=null, inetAddressResolver=null, contextProvider=null, timeoutMS=null}
2025-05-14T21:06:22.515-05:00  INFO 10356 --- [xsu.mongodb.net] org.mongodb.driver.cluster               : Adding discovered server ac-fdaoi8x-shard-00-02.xddcxsu.mongodb.net:27017 to client view of cluster
2025-05-14T21:06:22.515-05:00  INFO 10356 --- [xsu.mongodb.net] org.mongodb.driver.cluster               : Adding discovered server ac-fdaoi8x-shard-00-01.xddcxsu.mongodb.net:27017 to client view of cluster
2025-05-14T21:06:23.965-05:00  INFO 10356 --- [ngodb.net:27017] org.mongodb.driver.cluster               : Monitor thread successfully connected to server with description ServerDescription{address=ac-fdaoi8x-shard-00-01.xddcxsu.mongodb.net:27017, type=REPLICA_SET_SECONDARY, cryptd=false, state=CONNECTED, ok=true, minWireVersion=0, maxWireVersion=25, maxDocumentSize=16777216, logicalSessionTimeoutMinutes=30, roundTripTimeNanos=816865600, minRoundTripTimeNanos=0, setName='atlas-e2k0hx-shard-0', canonicalAddress=ac-fdaoi8x-shard-00-01.xddcxsu.mongodb.net:27017, hosts=[ac-fdaoi8x-shard-00-02.xddcxsu.mongodb.net:27017, ac-fdaoi8x-shard-00-00.xddcxsu.mongodb.net:27017, ac-fdaoi8x-shard-00-01.xddcxsu.mongodb.net:27017], passives=[], arbiters=[], primary='ac-fdaoi8x-shard-00-02.xddcxsu.mongodb.net:27017', tagSet=TagSet{[Tag{name='availabilityZone', value='use1-az4'}, Tag{name='diskState', value='READY'}, Tag{name='nodeType', value='ELECTABLE'}, Tag{name='provider', value='AWS'}, Tag{name='region', value='US_EAST_1'}, Tag{name='workloadType', value='OPERATIONAL'}]}, electionId=null, setVersion=184, topologyVersion=TopologyVersion{processId=6823b5b252caf48ab56ba532, counter=3}, lastWriteDate=Wed May 14 21:06:24 COT 2025, lastUpdateTimeNanos=13639871842600}
2025-05-14T21:06:23.965-05:00  INFO 10356 --- [ngodb.net:27017] org.mongodb.driver.cluster               : Monitor thread successfully connected to server with description ServerDescription{address=ac-fdaoi8x-shard-00-00.xddcxsu.mongodb.net:27017, type=REPLICA_SET_SECONDARY, cryptd=false, state=CONNECTED, ok=true, minWireVersion=0, maxWireVersion=25, maxDocumentSize=16777216, logicalSessionTimeoutMinutes=30, roundTripTimeNanos=815906000, minRoundTripTimeNanos=0, setName='atlas-e2k0hx-shard-0', canonicalAddress=ac-fdaoi8x-shard-00-00.xddcxsu.mongodb.net:27017, hosts=[ac-fdaoi8x-shard-00-02.xddcxsu.mongodb.net:27017, ac-fdaoi8x-shard-00-00.xddcxsu.mongodb.net:27017, ac-fdaoi8x-shard-00-01.xddcxsu.mongodb.net:27017], passives=[], arbiters=[], primary='ac-fdaoi8x-shard-00-02.xddcxsu.mongodb.net:27017', tagSet=TagSet{[Tag{name='availabilityZone', value='use1-az2'}, Tag{name='diskState', value='READY'}, Tag{name='nodeType', value='ELECTABLE'}, Tag{name='provider', value='AWS'}, Tag{name='region', value='US_EAST_1'}, Tag{name='workloadType', value='OPERATIONAL'}]}, electionId=null, setVersion=184, topologyVersion=TopologyVersion{processId=6823b4debc2c363213200b13, counter=4}, lastWriteDate=Wed May 14 21:06:24 COT 2025, lastUpdateTimeNanos=13639871033900}
2025-05-14T21:06:24.386-05:00  INFO 10356 --- [ngodb.net:27017] org.mongodb.driver.cluster               : Monitor thread successfully connected to server with description ServerDescription{address=ac-fdaoi8x-shard-00-02.xddcxsu.mongodb.net:27017, type=REPLICA_SET_PRIMARY, cryptd=false, state=CONNECTED, ok=true, minWireVersion=0, maxWireVersion=25, maxDocumentSize=16777216, logicalSessionTimeoutMinutes=30, roundTripTimeNanos=229718300, minRoundTripTimeNanos=0, setName='atlas-e2k0hx-shard-0', canonicalAddress=ac-fdaoi8x-shard-00-02.xddcxsu.mongodb.net:27017, hosts=[ac-fdaoi8x-shard-00-02.xddcxsu.mongodb.net:27017, ac-fdaoi8x-shard-00-00.xddcxsu.mongodb.net:27017, ac-fdaoi8x-shard-00-01.xddcxsu.mongodb.net:27017], passives=[], arbiters=[], primary='ac-fdaoi8x-shard-00-02.xddcxsu.mongodb.net:27017', tagSet=TagSet{[Tag{name='availabilityZone', value='use1-az6'}, Tag{name='diskState', value='READY'}, Tag{name='nodeType', value='ELECTABLE'}, Tag{name='provider', value='AWS'}, Tag{name='region', value='US_EAST_1'}, Tag{name='workloadType', value='OPERATIONAL'}]}, electionId=7fffffff000000000000027a, setVersion=184, topologyVersion=TopologyVersion{processId=6823b412f5793edec6427e68, counter=6}, lastWriteDate=Wed May 14 21:06:25 COT 2025, lastUpdateTimeNanos=13640305508100}
2025-05-14T21:06:24.386-05:00  INFO 10356 --- [ngodb.net:27017] org.mongodb.driver.cluster               : Discovered replica set primary ac-fdaoi8x-shard-00-02.xddcxsu.mongodb.net:27017 with max election id 7fffffff000000000000027a and max set version 184
2025-05-14T21:06:24.949-05:00  WARN 10356 --- [           main] .s.s.UserDetailsServiceAutoConfiguration : 

Using generated security password: 0451a1bc-0a5f-448d-8322-6895c82a5350

This generated password is for development use only. Your security configuration must be updated before running your application in production.

2025-05-14T21:06:24.995-05:00  INFO 10356 --- [           main] r$InitializeUserDetailsManagerConfigurer : Global AuthenticationManager configured with UserDetailsService bean with name inMemoryUserDetailsManager
2025-05-14T21:06:25.513-05:00  INFO 10356 --- [           main] c.e.A.SC.ApiPanaderiaScApplicationTests  : Started ApiPanaderiaScApplicationTests in 7.228 seconds (process running for 9.629)
]]></system-out>
    <system-err><![CDATA[Mockito is currently self-attaching to enable the inline-mock-maker. This will no longer work in future releases of the JDK. Please add Mockito as an agent to your build what is described in Mockito's documentation: https://javadoc.io/doc/org.mockito/mockito-core/latest/org/mockito/Mockito.html#0.3
WARNING: A Java agent has been loaded dynamically (C:\Users\ELOSO\.m2\repository\net\bytebuddy\byte-buddy-agent\1.15.11\byte-buddy-agent-1.15.11.jar)
WARNING: If a serviceability tool is in use, please run with -XX:+EnableDynamicAgentLoading to hide this warning
WARNING: If a serviceability tool is not in use, please run with -Djdk.instrument.traceUsage for more information
WARNING: Dynamic loading of agents will be disallowed by default in a future release
]]></system-err>
  </testcase>
</testsuite>